[31-Aug-2016 22:15:15 UTC] PHP Notice:  Undefined property: Soccer\Metaboxes\Calls::$meta_box_options in /srv/www/lunedi/htdocs/wp-content/plugins/soccer/includes/Soccer/Metaboxes/MetaboxAbstract.php on line 23
[31-Aug-2016 22:15:15 UTC] PHP Notice:  Undefined property: Soccer\Metaboxes\Calls::$post_finder_options in /srv/www/lunedi/htdocs/wp-content/plugins/soccer/includes/Soccer/Metaboxes/MetaboxAbstract.php on line 24
[31-Aug-2016 22:16:18 UTC] PHP Notice:  Undefined property: Soccer\Metaboxes\Calls::$meta_box_options in /srv/www/lunedi/htdocs/wp-content/plugins/soccer/includes/Soccer/Metaboxes/MetaboxAbstract.php on line 23
[31-Aug-2016 22:16:18 UTC] PHP Notice:  Undefined property: Soccer\Metaboxes\Calls::$post_finder_options in /srv/www/lunedi/htdocs/wp-content/plugins/soccer/includes/Soccer/Metaboxes/MetaboxAbstract.php on line 24
[31-Aug-2016 22:18:21 UTC] PHP Notice:  Undefined property: Soccer\Metaboxes\Calls::$meta_box_options in /srv/www/lunedi/htdocs/wp-content/plugins/soccer/includes/Soccer/Metaboxes/MetaboxAbstract.php on line 23
[31-Aug-2016 22:18:21 UTC] PHP Notice:  Undefined property: Soccer\Metaboxes\Calls::$post_finder_options in /srv/www/lunedi/htdocs/wp-content/plugins/soccer/includes/Soccer/Metaboxes/MetaboxAbstract.php on line 24
[31-Aug-2016 22:20:22 UTC] PHP Notice:  Undefined property: Soccer\Metaboxes\Calls::$meta_box_options in /srv/www/lunedi/htdocs/wp-content/plugins/soccer/includes/Soccer/Metaboxes/MetaboxAbstract.php on line 23
[31-Aug-2016 22:20:22 UTC] PHP Notice:  Undefined property: Soccer\Metaboxes\Calls::$post_finder_options in /srv/www/lunedi/htdocs/wp-content/plugins/soccer/includes/Soccer/Metaboxes/MetaboxAbstract.php on line 24
[31-Aug-2016 22:22:00 UTC] PHP Notice:  Undefined property: Soccer\Metaboxes\Calls::$meta_box_options in /srv/www/lunedi/htdocs/wp-content/plugins/soccer/includes/Soccer/Metaboxes/MetaboxAbstract.php on line 23
[31-Aug-2016 22:22:00 UTC] PHP Notice:  Undefined property: Soccer\Metaboxes\Calls::$post_finder_options in /srv/www/lunedi/htdocs/wp-content/plugins/soccer/includes/Soccer/Metaboxes/MetaboxAbstract.php on line 24
[31-Aug-2016 22:22:01 UTC] PHP Notice:  Undefined property: Soccer\Metaboxes\Calls::$meta_box_options in /srv/www/lunedi/htdocs/wp-content/plugins/soccer/includes/Soccer/Metaboxes/MetaboxAbstract.php on line 23
[31-Aug-2016 22:22:01 UTC] PHP Notice:  Undefined property: Soccer\Metaboxes\Calls::$post_finder_options in /srv/www/lunedi/htdocs/wp-content/plugins/soccer/includes/Soccer/Metaboxes/MetaboxAbstract.php on line 24
[31-Aug-2016 22:22:01 UTC] PHP Notice:  Undefined index: title in /srv/www/lunedi/htdocs/wp-content/plugins/soccer/includes/Soccer/Metaboxes/MetaboxAbstract.php on line 47
[31-Aug-2016 22:22:01 UTC] PHP Notice:  Undefined index: screen in /srv/www/lunedi/htdocs/wp-content/plugins/soccer/includes/Soccer/Metaboxes/MetaboxAbstract.php on line 49
[31-Aug-2016 22:22:01 UTC] PHP Notice:  Undefined index: context in /srv/www/lunedi/htdocs/wp-content/plugins/soccer/includes/Soccer/Metaboxes/MetaboxAbstract.php on line 50
[31-Aug-2016 22:22:01 UTC] PHP Notice:  Undefined property: Soccer\Metaboxes\Calls::$meta_box_options in /srv/www/lunedi/htdocs/wp-content/plugins/soccer/includes/Soccer/Metaboxes/MetaboxAbstract.php on line 23
[31-Aug-2016 22:22:01 UTC] PHP Notice:  Undefined property: Soccer\Metaboxes\Calls::$post_finder_options in /srv/www/lunedi/htdocs/wp-content/plugins/soccer/includes/Soccer/Metaboxes/MetaboxAbstract.php on line 24
[31-Aug-2016 22:22:02 UTC] PHP Notice:  Undefined property: Soccer\Metaboxes\Calls::$meta_box_options in /srv/www/lunedi/htdocs/wp-content/plugins/soccer/includes/Soccer/Metaboxes/MetaboxAbstract.php on line 23
[31-Aug-2016 22:22:02 UTC] PHP Notice:  Undefined property: Soccer\Metaboxes\Calls::$post_finder_options in /srv/www/lunedi/htdocs/wp-content/plugins/soccer/includes/Soccer/Metaboxes/MetaboxAbstract.php on line 24
[31-Aug-2016 22:22:02 UTC] PHP Notice:  Undefined property: Soccer\Metaboxes\Calls::$meta_box_options in /srv/www/lunedi/htdocs/wp-content/plugins/soccer/includes/Soccer/Metaboxes/MetaboxAbstract.php on line 23
[31-Aug-2016 22:22:02 UTC] PHP Notice:  Undefined property: Soccer\Metaboxes\Calls::$post_finder_options in /srv/www/lunedi/htdocs/wp-content/plugins/soccer/includes/Soccer/Metaboxes/MetaboxAbstract.php on line 24
[31-Aug-2016 22:22:02 UTC] PHP Notice:  Undefined property: Soccer\Metaboxes\Calls::$meta_box_options in /srv/www/lunedi/htdocs/wp-content/plugins/soccer/includes/Soccer/Metaboxes/MetaboxAbstract.php on line 23
[31-Aug-2016 22:22:02 UTC] PHP Notice:  Undefined property: Soccer\Metaboxes\Calls::$post_finder_options in /srv/www/lunedi/htdocs/wp-content/plugins/soccer/includes/Soccer/Metaboxes/MetaboxAbstract.php on line 24
[31-Aug-2016 22:22:03 UTC] PHP Notice:  Undefined property: Soccer\Metaboxes\Calls::$meta_box_options in /srv/www/lunedi/htdocs/wp-content/plugins/soccer/includes/Soccer/Metaboxes/MetaboxAbstract.php on line 23
[31-Aug-2016 22:22:03 UTC] PHP Notice:  Undefined property: Soccer\Metaboxes\Calls::$post_finder_options in /srv/www/lunedi/htdocs/wp-content/plugins/soccer/includes/Soccer/Metaboxes/MetaboxAbstract.php on line 24
[31-Aug-2016 22:22:52 UTC] PHP Notice:  Undefined index: user in /srv/www/lunedi/htdocs/wp-content/plugins/soccer/partials/metabox/calls.php on line 2
[31-Aug-2016 22:22:52 UTC] PHP Warning:  Invalid argument supplied for foreach() in /srv/www/lunedi/htdocs/wp-content/plugins/soccer/partials/metabox/calls.php on line 2
[31-Aug-2016 22:23:25 UTC] PHP Notice:  Undefined index: user in /srv/www/lunedi/htdocs/wp-content/plugins/soccer/partials/metabox/calls.php on line 2
[31-Aug-2016 22:23:25 UTC] PHP Warning:  Invalid argument supplied for foreach() in /srv/www/lunedi/htdocs/wp-content/plugins/soccer/partials/metabox/calls.php on line 2
